[1] 2

Name: MyGTR
Id: GTR:MyGTR:39678728
Alphabet: 
  Type: Nucleotide
  Symbols: T C A G
Rate parameters: a = 1, b = 2, c = 3, d = 1, e = 2, f = 3
Unscaled rate matrix: 
	           T          C          A          G
	T -1.1666667  0.3333333  0.3333333  0.5000000
	C  0.3333333 -0.8333333  0.1666667  0.3333333
	A  0.6666667  0.3333333 -1.5000000  0.5000000
	G  1.0000000  0.6666667  0.5000000 -2.1666667

Equilibrium distribution: 
	              T         C         A         G
	Prob: 0.3333333 0.3333333 0.1666667 0.1666667

Site specific parameters (1): 
  Id: rate.multiplier
  Name: Rate multiplier
  Type: numeric
  Default value: 1

   [1] 2.89442785 0.25191592 0.03338775 0.03338775 2.89442785 2.89442785
   [7] 0.82026848 0.25191592 2.89442785 0.25191592 0.00000000 0.00000000
  [13] 0.00000000 0.00000000 0.00000000 0.00000000 0.00000000 0.00000000
  [19] 0.00000000 0.00000000 0.03338775 0.03338775 0.82026848 0.25191592
  [25] 2.89442785 0.03338775 0.03338775 0.82026848 0.82026848 0.03338775
  [31] 0.25191592 0.03338775 2.89442785 0.25191592 0.25191592 0.25191592
  [37] 0.82026848 0.82026848 0.82026848 2.89442785 0.25191592 2.89442785
  [43] 0.82026848 0.25191592 0.25191592 2.89442785 2.89442785 0.82026848
  [49] 0.25191592 0.25191592 0.25191592 2.89442785 0.03338775 0.03338775
  [55] 2.89442785 0.25191592 0.25191592 0.03338775 0.03338775 0.25191592
  [61] 0.25191592 0.03338775 0.25191592 2.89442785 0.03338775 0.82026848
  [67] 0.25191592 0.25191592 0.82026848 2.89442785 0.82026848 2.89442785
  [73] 0.03338775 2.89442785 0.03338775 0.25191592 2.89442785 0.03338775
  [79] 0.03338775 0.03338775 0.82026848 2.89442785 0.03338775 2.89442785
  [85] 0.03338775 0.82026848 2.89442785 0.25191592 0.03338775 0.82026848
  [91] 0.03338775 0.03338775 2.89442785 0.82026848 2.89442785 0.82026848
  [97] 0.03338775 0.25191592 0.03338775 0.03338775 0.03338775 2.89442785
 [103] 0.82026848 0.82026848 0.03338775 0.03338775 2.89442785 0.82026848
 [109] 0.03338775 2.89442785 0.03338775 2.89442785 0.03338775 0.82026848
 [115] 0.25191592 0.03338775 2.89442785 0.25191592 0.82026848 0.03338775
 [121] 0.25191592 0.82026848 0.03338775 2.89442785 0.25191592 2.89442785
 [127] 2.89442785 0.03338775 0.03338775 0.82026848 2.89442785 0.25191592
 [133] 0.25191592 0.03338775 0.25191592 0.03338775 0.25191592 0.82026848
 [139] 0.82026848 0.03338775 0.03338775 0.03338775 0.82026848 0.25191592
 [145] 0.25191592 0.25191592 2.89442785 0.25191592 0.03338775 0.03338775
 [151] 0.03338775 0.25191592 0.03338775 0.25191592 0.82026848 2.89442785
 [157] 0.82026848 2.89442785 0.25191592 0.03338775 0.82026848 2.89442785
 [163] 0.03338775 0.82026848 2.89442785 2.89442785 0.82026848 0.03338775
 [169] 0.03338775 0.82026848 0.25191592 0.82026848 2.89442785 0.25191592
 [175] 0.03338775 0.25191592 0.25191592 2.89442785 0.25191592 0.25191592
 [181] 0.82026848 0.03338775 0.03338775 2.89442785 0.25191592 0.82026848
 [187] 0.25191592 0.25191592 2.89442785 0.82026848 0.82026848 2.89442785
 [193] 0.82026848 2.89442785 0.82026848 0.25191592 2.89442785 0.25191592
 [199] 0.25191592 2.89442785 0.03338775 0.82026848 0.03338775 0.82026848
 [205] 2.89442785 0.25191592 0.25191592 2.89442785 0.82026848 0.25191592
 [211] 0.03338775 0.25191592 2.89442785 2.89442785 0.82026848 0.03338775
 [217] 0.25191592 0.82026848 2.89442785 0.03338775 0.03338775 0.03338775
 [223] 2.89442785 0.82026848 0.25191592 0.03338775 0.82026848 0.03338775
 [229] 0.03338775 0.82026848 0.03338775 2.89442785 0.25191592 2.89442785
 [235] 0.82026848 0.82026848 0.25191592 0.82026848 0.03338775 0.82026848
 [241] 0.03338775 0.82026848 0.25191592 2.89442785 0.03338775 0.82026848
 [247] 0.03338775 0.25191592 0.82026848 0.25191592 0.25191592 2.89442785
 [253] 0.03338775 0.25191592 0.82026848 0.03338775 0.03338775 0.82026848
 [259] 0.03338775 2.89442785 0.25191592 2.89442785 0.25191592 0.25191592
 [265] 0.82026848 0.03338775 2.89442785 0.03338775 0.82026848 0.25191592
 [271] 0.25191592 0.25191592 0.25191592 0.82026848 0.03338775 0.82026848
 [277] 2.89442785 2.89442785 0.03338775 2.89442785 0.82026848 2.89442785
 [283] 0.03338775 0.82026848 0.03338775 0.25191592 0.25191592 2.89442785
 [289] 0.25191592 0.03338775 2.89442785 0.03338775 0.03338775 0.82026848
 [295] 0.03338775 0.25191592 0.25191592 0.82026848 0.03338775 0.03338775
 [301] 0.82026848 2.89442785 0.82026848 2.89442785 2.89442785 2.89442785
 [307] 0.03338775 0.03338775 0.82026848 0.25191592 0.25191592 0.25191592
 [313] 0.25191592 0.25191592 0.03338775 0.82026848 0.82026848 0.25191592
 [319] 2.89442785 0.82026848 2.89442785 2.89442785 2.89442785 0.25191592
 [325] 0.25191592 0.03338775 0.25191592 2.89442785 0.03338775 0.82026848
 [331] 2.89442785 0.25191592 0.25191592 0.03338775 2.89442785 0.25191592
 [337] 0.25191592 0.82026848 0.82026848 0.82026848 2.89442785 0.82026848
 [343] 0.25191592 0.82026848 0.82026848 0.82026848 0.03338775 0.03338775
 [349] 0.25191592 0.03338775 0.03338775 0.03338775 0.03338775 2.89442785
 [355] 0.82026848 2.89442785 2.89442785 0.82026848 0.82026848 0.82026848
 [361] 0.25191592 0.25191592 2.89442785 2.89442785 2.89442785 0.03338775
 [367] 0.82026848 0.03338775 0.25191592 0.82026848 0.25191592 0.25191592
 [373] 0.03338775 0.03338775 2.89442785 0.25191592 0.25191592 2.89442785
 [379] 0.03338775 0.82026848 0.82026848 0.82026848 0.03338775 0.82026848
 [385] 2.89442785 0.25191592 0.25191592 0.82026848 0.82026848 0.82026848
 [391] 2.89442785 0.82026848 0.03338775 0.25191592 0.82026848 0.25191592
 [397] 0.25191592 2.89442785 2.89442785 2.89442785 0.03338775 0.82026848
 [403] 0.03338775 0.25191592 0.03338775 0.03338775 0.03338775 0.25191592
 [409] 0.25191592 0.03338775 2.89442785 0.82026848 2.89442785 0.25191592
 [415] 0.03338775 2.89442785 2.89442785 2.89442785 0.25191592 0.03338775
 [421] 0.25191592 0.82026848 0.03338775 2.89442785 0.82026848 2.89442785
 [427] 0.25191592 0.25191592 0.82026848 0.82026848 0.82026848 2.89442785
 [433] 0.82026848 0.25191592 0.03338775 0.25191592 2.89442785 0.82026848
 [439] 0.82026848 0.03338775 2.89442785 2.89442785 2.89442785 2.89442785
 [445] 0.25191592 2.89442785 0.03338775 0.82026848 0.25191592 0.82026848
 [451] 0.03338775 2.89442785 2.89442785 0.03338775 0.25191592 0.03338775
 [457] 0.25191592 0.25191592 0.03338775 0.82026848 0.82026848 0.03338775
 [463] 0.82026848 2.89442785 2.89442785 2.89442785 0.03338775 0.25191592
 [469] 2.89442785 0.82026848 0.25191592 0.82026848 0.25191592 0.03338775
 [475] 2.89442785 0.03338775 0.25191592 0.25191592 0.82026848 0.03338775
 [481] 2.89442785 0.82026848 0.25191592 2.89442785 0.25191592 2.89442785
 [487] 2.89442785 0.03338775 0.25191592 0.03338775 2.89442785 0.25191592
 [493] 0.82026848 0.03338775 0.82026848 0.03338775 0.03338775 0.25191592
 [499] 2.89442785 0.25191592 0.82026848 0.25191592 0.03338775 0.03338775
 [505] 0.82026848 0.82026848 0.82026848 0.03338775 0.82026848 0.82026848
 [511] 0.82026848 2.89442785 0.82026848 2.89442785 0.03338775 0.03338775
 [517] 0.82026848 0.25191592 0.03338775 0.82026848 0.82026848 0.25191592
 [523] 0.25191592 0.82026848 2.89442785 0.82026848 0.82026848 2.89442785
 [529] 2.89442785 0.03338775 0.82026848 0.03338775 0.25191592 0.03338775
 [535] 0.25191592 0.82026848 0.25191592 0.25191592 2.89442785 0.03338775
 [541] 2.89442785 0.82026848 0.25191592 0.82026848 0.03338775 0.82026848
 [547] 0.82026848 0.25191592 2.89442785 0.82026848 0.82026848 0.03338775
 [553] 0.82026848 0.25191592 0.03338775 0.82026848 0.25191592 2.89442785
 [559] 0.25191592 0.25191592 0.82026848 0.82026848 0.25191592 0.25191592
 [565] 0.03338775 0.03338775 2.89442785 0.03338775 0.82026848 0.03338775
 [571] 0.25191592 0.25191592 0.82026848 2.89442785 0.25191592 0.82026848
 [577] 2.89442785 0.03338775 0.03338775 2.89442785 0.82026848 2.89442785
 [583] 0.03338775 2.89442785 0.82026848 0.03338775 2.89442785 0.82026848
 [589] 2.89442785 0.82026848 0.03338775 0.25191592 0.25191592 0.82026848
 [595] 0.25191592 0.82026848 0.03338775 2.89442785 0.82026848 0.25191592
 [601] 0.03338775 2.89442785 2.89442785 0.03338775 2.89442785 0.82026848
 [607] 0.25191592 0.82026848 0.82026848 0.82026848 0.82026848 0.03338775
 [613] 0.03338775 2.89442785 0.25191592 2.89442785 0.25191592 0.82026848
 [619] 0.25191592 2.89442785 0.82026848 0.25191592 0.25191592 0.82026848
 [625] 0.82026848 0.03338775 2.89442785 2.89442785 0.25191592 0.03338775
 [631] 0.25191592 0.03338775 0.25191592 2.89442785 0.25191592 0.82026848
 [637] 0.03338775 2.89442785 0.25191592 0.82026848 2.89442785 0.25191592
 [643] 0.82026848 0.25191592 2.89442785 0.03338775 2.89442785 0.03338775
 [649] 0.82026848 0.25191592 0.82026848 0.03338775 2.89442785 0.03338775
 [655] 0.03338775 0.03338775 0.25191592 0.82026848 0.82026848 0.25191592
 [661] 2.89442785 0.25191592 0.25191592 0.25191592 0.82026848 2.89442785
 [667] 0.03338775 0.25191592 0.82026848 0.25191592 0.03338775 0.25191592
 [673] 0.82026848 2.89442785 0.82026848 0.03338775 0.25191592 0.03338775
 [679] 0.82026848 0.03338775 0.82026848 0.82026848 2.89442785 2.89442785
 [685] 2.89442785 0.03338775 0.25191592 2.89442785 0.82026848 2.89442785
 [691] 2.89442785 0.25191592 0.25191592 2.89442785 0.25191592 0.82026848
 [697] 0.82026848 0.03338775 2.89442785 0.25191592 0.82026848 0.82026848
 [703] 0.82026848 2.89442785 0.25191592 2.89442785 2.89442785 0.82026848
 [709] 0.25191592 2.89442785 0.25191592 0.82026848 2.89442785 2.89442785
 [715] 0.25191592 0.03338775 0.03338775 0.82026848 2.89442785 0.03338775
 [721] 0.25191592 2.89442785 0.03338775 0.25191592 2.89442785 0.82026848
 [727] 0.03338775 2.89442785 0.82026848 0.03338775 0.82026848 0.25191592
 [733] 2.89442785 0.03338775 0.03338775 0.82026848 0.25191592 2.89442785
 [739] 0.03338775 2.89442785 0.03338775 0.82026848 0.03338775 0.03338775
 [745] 0.25191592 0.25191592 0.25191592 0.82026848 0.82026848 2.89442785
 [751] 2.89442785 0.82026848 0.82026848 0.03338775 0.82026848 0.25191592
 [757] 2.89442785 0.03338775 0.03338775 0.82026848 0.25191592 0.03338775
 [763] 0.25191592 0.25191592 0.25191592 0.82026848 2.89442785 0.03338775
 [769] 0.25191592 0.82026848 0.82026848 0.03338775 0.03338775 0.03338775
 [775] 0.82026848 2.89442785 0.25191592 0.03338775 0.25191592 0.25191592
 [781] 0.25191592 0.03338775 2.89442785 0.82026848 2.89442785 0.82026848
 [787] 0.25191592 0.03338775 0.25191592 0.03338775 0.82026848 0.03338775
 [793] 0.25191592 0.25191592 2.89442785 2.89442785 2.89442785 0.82026848
 [799] 0.03338775 0.25191592 2.89442785 2.89442785 2.89442785 0.82026848
 [805] 0.82026848 0.03338775 2.89442785 0.82026848 2.89442785 0.82026848
 [811] 0.82026848 0.03338775 0.82026848 0.03338775 0.25191592 2.89442785
 [817] 0.03338775 0.03338775 0.82026848 2.89442785 0.25191592 0.25191592
 [823] 2.89442785 0.25191592 0.82026848 0.25191592 0.03338775 2.89442785
 [829] 2.89442785 2.89442785 2.89442785 0.25191592 0.03338775 0.82026848
 [835] 2.89442785 2.89442785 0.82026848 0.25191592 2.89442785 0.03338775
 [841] 0.25191592 0.03338775 2.89442785 0.25191592 0.25191592 0.82026848
 [847] 0.25191592 2.89442785 2.89442785 2.89442785 2.89442785 0.82026848
 [853] 0.82026848 2.89442785 2.89442785 0.25191592 0.25191592 0.25191592
 [859] 0.82026848 0.82026848 0.03338775 0.25191592 0.82026848 0.25191592
 [865] 2.89442785 0.25191592 2.89442785 0.03338775 0.25191592 0.82026848
 [871] 2.89442785 0.25191592 0.82026848 0.82026848 2.89442785 0.03338775
 [877] 0.82026848 0.82026848 0.03338775 0.25191592 0.03338775 0.25191592
 [883] 0.82026848 0.82026848 0.25191592 0.03338775 0.82026848 0.82026848
 [889] 0.25191592 0.25191592 0.25191592 0.03338775 0.25191592 2.89442785
 [895] 2.89442785 0.03338775 2.89442785 2.89442785 0.25191592 0.25191592
 [901] 2.89442785 0.03338775 2.89442785 0.82026848 0.82026848 2.89442785
 [907] 0.82026848 2.89442785 2.89442785 0.25191592 0.25191592 0.25191592
 [913] 2.89442785 0.25191592 0.82026848 0.82026848 2.89442785 0.03338775
 [919] 0.82026848 2.89442785 0.82026848 0.82026848 0.25191592 0.03338775
 [925] 0.25191592 0.82026848 0.25191592 0.03338775 2.89442785 2.89442785
 [931] 0.25191592 0.82026848 0.82026848 2.89442785 2.89442785 0.03338775
 [937] 2.89442785 0.82026848 0.25191592 0.25191592 2.89442785 0.03338775
 [943] 0.82026848 0.25191592 0.03338775 2.89442785 0.25191592 0.03338775
 [949] 0.25191592 0.25191592 0.03338775 2.89442785 0.82026848 0.82026848
 [955] 0.82026848 0.82026848 0.03338775 0.82026848 0.82026848 0.03338775
 [961] 0.82026848 0.03338775 2.89442785 0.03338775 0.03338775 0.25191592
 [967] 2.89442785 0.03338775 2.89442785 0.82026848 0.82026848 2.89442785
 [973] 0.82026848 0.25191592 0.82026848 0.82026848 0.03338775 0.03338775
 [979] 0.03338775 2.89442785 2.89442785 0.25191592 0.03338775 0.25191592
 [985] 0.03338775 2.89442785 2.89442785 2.89442785 2.89442785 0.25191592
 [991] 0.25191592 0.25191592 0.03338775 0.03338775 0.82026848 0.25191592
 [997] 2.89442785 0.03338775 0.82026848 0.25191592 0.82026848 2.89442785
[1003] 0.03338775 0.25191592 0.82026848 0.03338775 0.03338775 0.82026848
[1009] 0.25191592 0.03338775 0.03338775 0.25191592 2.89442785 2.89442785
[1015] 0.25191592 0.82026848 0.82026848 2.89442785 0.03338775 0.25191592
[1021] 0.82026848 0.82026848 2.89442785 2.89442785 0.25191592 0.25191592
[1027] 2.89442785 0.03338775 0.03338775 0.82026848 0.03338775 2.89442785
[1033] 2.89442785 2.89442785 2.89442785 0.82026848 2.89442785 0.25191592
[1039] 0.25191592 0.82026848 0.82026848 0.03338775 0.82026848 0.25191592
[1045] 0.25191592 0.03338775 0.25191592 0.82026848 0.82026848 2.89442785
[1051] 0.82026848 0.25191592 0.03338775 0.25191592 2.89442785 0.03338775
[1057] 0.82026848 2.89442785 0.03338775 0.82026848 0.03338775 0.25191592
[1063] 2.89442785 0.82026848 0.03338775 2.89442785 2.89442785 0.25191592
[1069] 0.82026848 0.03338775 0.82026848 2.89442785 2.89442785 0.25191592
[1075] 0.03338775 0.82026848 0.82026848 0.03338775 0.03338775 2.89442785
[1081] 0.82026848 0.25191592 2.89442785 0.25191592 0.82026848 0.25191592
[1087] 0.82026848 0.03338775 0.03338775 0.03338775 0.25191592 2.89442785
[1093] 0.03338775 0.25191592 0.82026848 0.25191592 2.89442785 0.25191592
[1099] 0.82026848 2.89442785 0.25191592 0.25191592 0.25191592 0.82026848
[1105] 0.25191592 0.03338775 0.25191592 0.82026848 0.25191592 0.25191592
[1111] 0.82026848 0.03338775 0.82026848 0.82026848 0.03338775 0.03338775
[1117] 0.82026848 2.89442785 0.82026848 0.82026848 0.03338775 0.03338775
[1123] 0.25191592 0.03338775 0.25191592 0.25191592 0.03338775 0.25191592
[1129] 2.89442785 0.82026848 0.82026848 2.89442785 0.82026848 0.03338775
[1135] 0.25191592 0.03338775 0.25191592 0.25191592 0.82026848 2.89442785
[1141] 0.25191592 0.82026848 0.25191592 0.25191592 0.03338775 2.89442785
[1147] 0.03338775 0.25191592 0.82026848 0.82026848 2.89442785 0.03338775
[1153] 0.25191592 2.89442785 0.25191592 2.89442785 2.89442785 0.82026848
[1159] 0.82026848 0.82026848 0.25191592 0.82026848 2.89442785 0.03338775
[1165] 0.82026848 0.82026848 0.03338775 0.82026848 0.25191592 0.82026848
[1171] 0.82026848 0.03338775 2.89442785 2.89442785 0.03338775 0.03338775
[1177] 0.82026848 0.82026848 0.82026848 0.25191592 0.03338775 0.03338775
[1183] 0.25191592 0.25191592 2.89442785 2.89442785 2.89442785 0.82026848
[1189] 0.03338775 2.89442785 2.89442785 0.82026848 0.03338775 0.82026848
[1195] 0.25191592 2.89442785 2.89442785 2.89442785 2.89442785 0.25191592
[1201] 0.25191592 2.89442785 0.25191592 0.03338775 0.03338775 0.82026848
[1207] 0.03338775 0.03338775 0.25191592 0.03338775 0.82026848 0.03338775
[1213] 0.25191592 0.25191592 2.89442785 2.89442785 0.82026848 0.25191592
[1219] 0.82026848 0.25191592 0.82026848 2.89442785 0.25191592 0.25191592
[1225] 2.89442785 2.89442785 0.82026848 0.25191592 0.03338775 0.82026848
[1231] 2.89442785 0.25191592 0.82026848 0.03338775 0.82026848 0.25191592
[1237] 0.03338775 0.82026848 0.25191592 0.25191592 0.25191592 0.03338775
[1243] 0.25191592 2.89442785 2.89442785 2.89442785 0.03338775 2.89442785
[1249] 0.25191592 0.03338775 2.89442785 0.03338775 0.82026848 2.89442785
[1255] 2.89442785 0.82026848 0.03338775 0.03338775 2.89442785 0.82026848
[1261] 0.25191592 0.03338775 0.82026848 0.25191592 0.82026848 0.82026848
[1267] 0.25191592 0.03338775 0.03338775 0.82026848 2.89442785 0.25191592
[1273] 0.03338775 0.03338775 2.89442785 0.82026848 0.25191592 0.82026848
[1279] 0.82026848 0.82026848 2.89442785 2.89442785 0.82026848 0.03338775
[1285] 0.25191592 2.89442785 0.82026848 0.82026848 0.03338775 0.03338775
[1291] 2.89442785 0.03338775 0.25191592 2.89442785 2.89442785 0.82026848
[1297] 0.25191592 0.82026848 0.03338775 2.89442785 0.82026848 2.89442785
[1303] 0.03338775 2.89442785 0.03338775 0.82026848 2.89442785 2.89442785
[1309] 0.82026848 2.89442785 0.03338775 0.82026848 0.03338775 0.82026848
[1315] 0.03338775 0.82026848 0.82026848 2.89442785 2.89442785 0.25191592
[1321] 2.89442785 0.25191592 2.89442785 2.89442785 0.25191592 0.82026848
[1327] 0.03338775 0.82026848 0.25191592 0.03338775 0.03338775 2.89442785
[1333] 2.89442785 2.89442785 2.89442785 0.03338775 0.82026848 2.89442785
[1339] 0.82026848 0.03338775 2.89442785 0.25191592 2.89442785 2.89442785
[1345] 2.89442785 0.03338775 0.25191592 0.03338775 2.89442785 0.82026848
[1351] 2.89442785 2.89442785 0.82026848 0.82026848 2.89442785 0.25191592
[1357] 0.25191592 0.03338775 0.82026848 0.03338775 2.89442785 2.89442785
[1363] 2.89442785 0.25191592 0.03338775 0.82026848 2.89442785 2.89442785
[1369] 0.82026848 0.03338775 0.03338775 0.25191592 0.82026848 2.89442785
[1375] 0.03338775 2.89442785 0.82026848 0.03338775 2.89442785 0.82026848
[1381] 0.25191592 0.82026848 2.89442785 0.82026848 0.25191592 0.82026848
[1387] 0.25191592 0.82026848 0.03338775 0.03338775 0.25191592 0.25191592
[1393] 2.89442785 0.82026848 0.03338775 0.03338775 2.89442785 0.25191592
[1399] 0.82026848 0.82026848 0.25191592 0.25191592 0.03338775 2.89442785
[1405] 2.89442785 2.89442785 2.89442785 0.25191592 2.89442785 0.25191592
[1411] 2.89442785 0.03338775 0.25191592 0.25191592 0.03338775 2.89442785
[1417] 0.03338775 0.25191592 0.82026848 0.25191592 0.03338775 0.82026848
[1423] 2.89442785 2.89442785 0.82026848 0.82026848 2.89442785 0.82026848
[1429] 0.03338775 0.03338775 2.89442785 2.89442785 0.82026848 0.25191592
[1435] 0.03338775 0.03338775 0.03338775 2.89442785 2.89442785 0.82026848
[1441] 2.89442785 0.25191592 0.25191592 0.03338775 0.25191592 2.89442785
[1447] 0.03338775 2.89442785 2.89442785 0.25191592 0.82026848 0.03338775
[1453] 0.82026848 0.03338775 0.25191592 0.25191592 2.89442785 0.03338775
[1459] 0.25191592 0.82026848 2.89442785 0.82026848 0.03338775 0.25191592
[1465] 2.89442785 0.25191592 2.89442785 0.25191592 0.25191592 0.82026848
[1471] 0.25191592 2.89442785 0.82026848 0.03338775 0.25191592 2.89442785
[1477] 2.89442785 0.25191592 0.25191592 0.03338775 0.82026848 0.03338775
[1483] 0.82026848 0.03338775 2.89442785 0.82026848 2.89442785 0.03338775
[1489] 2.89442785 2.89442785 2.89442785 0.82026848 0.82026848 0.25191592
[1495] 0.25191592 0.25191592 2.89442785 0.82026848 0.82026848 0.25191592
[1501] 0.82026848 0.82026848 0.03338775 0.82026848 0.25191592 0.25191592
[1507] 0.25191592 0.25191592 0.25191592 2.89442785 2.89442785 0.25191592
[1513] 2.89442785 0.82026848 0.25191592 0.25191592 0.25191592 0.03338775
[1519] 0.25191592 0.82026848 0.03338775 0.82026848 2.89442785 0.25191592
[1525] 0.03338775 0.25191592 0.25191592 0.03338775 2.89442785 0.25191592
[1531] 2.89442785 2.89442785 0.25191592 0.25191592 0.03338775 2.89442785
[1537] 0.03338775 0.25191592 0.25191592 0.25191592 0.25191592 0.03338775
[1543] 0.25191592 0.25191592 0.25191592 0.25191592 0.03338775 0.82026848
[1549] 0.82026848 0.03338775 0.82026848 0.82026848 0.25191592 0.82026848
[1555] 0.25191592 0.25191592 0.82026848 0.82026848 0.25191592 2.89442785
[1561] 0.25191592 0.25191592 0.03338775 0.03338775 0.82026848 0.03338775
[1567] 0.25191592 0.25191592 0.25191592 2.89442785 2.89442785 2.89442785
[1573] 0.25191592 0.82026848 2.89442785 0.25191592 0.03338775 0.03338775
[1579] 0.25191592 2.89442785 0.82026848 0.25191592 2.89442785 2.89442785
[1585] 0.03338775 0.03338775 2.89442785 0.03338775 2.89442785 0.25191592
[1591] 0.82026848 0.03338775 0.03338775 0.82026848 2.89442785 0.82026848
[1597] 0.25191592 0.03338775 0.82026848 0.82026848 0.03338775 0.25191592
[1603] 0.82026848 0.82026848 2.89442785 0.03338775 2.89442785 2.89442785
[1609] 2.89442785 0.25191592 2.89442785 0.25191592 0.82026848 0.25191592
[1615] 2.89442785 0.03338775 0.25191592 2.89442785 0.25191592 2.89442785
[1621] 0.82026848 2.89442785 2.89442785 0.82026848 0.82026848 0.25191592
[1627] 0.03338775 2.89442785 0.82026848 0.03338775 0.82026848 0.25191592
[1633] 2.89442785 0.25191592 0.82026848 2.89442785 0.25191592 0.25191592
[1639] 0.25191592 0.03338775 0.25191592 0.03338775 0.82026848 0.03338775
[1645] 0.82026848 0.25191592 2.89442785 2.89442785 2.89442785 0.25191592
[1651] 0.03338775 0.25191592 2.89442785 0.25191592 0.03338775 2.89442785
[1657] 2.89442785 0.25191592 2.89442785 0.03338775 0.03338775 0.03338775
[1663] 0.03338775 2.89442785 0.03338775 0.03338775 0.82026848 2.89442785
[1669] 2.89442785 2.89442785 0.25191592 0.03338775 0.82026848 0.82026848
[1675] 0.82026848 2.89442785 0.03338775 0.82026848 2.89442785 2.89442785
[1681] 0.03338775 2.89442785 0.82026848 0.03338775 0.82026848 2.89442785
[1687] 0.03338775 0.82026848 0.03338775 0.03338775 0.03338775 0.25191592
[1693] 0.82026848 0.82026848 2.89442785 2.89442785 0.25191592 2.89442785
[1699] 0.82026848 0.25191592 0.03338775 2.89442785 2.89442785 2.89442785
[1705] 2.89442785 0.03338775 2.89442785 2.89442785 0.82026848 0.82026848
[1711] 2.89442785 0.25191592 0.25191592 2.89442785 0.25191592 0.03338775
[1717] 2.89442785 2.89442785 0.82026848 0.25191592 2.89442785 0.82026848
[1723] 0.25191592 0.82026848 0.03338775 2.89442785 0.03338775 0.25191592
[1729] 0.25191592 0.25191592 0.03338775 0.82026848 0.25191592 2.89442785
[1735] 0.82026848 0.03338775 0.03338775 0.03338775 0.03338775 2.89442785
[1741] 2.89442785 0.82026848 2.89442785 0.25191592 0.25191592 0.03338775
[1747] 0.25191592 0.03338775 0.82026848 0.82026848 0.03338775 0.03338775
[1753] 0.03338775 2.89442785 2.89442785 0.25191592 0.25191592 0.82026848
[1759] 0.82026848 0.03338775 0.03338775 0.03338775 0.03338775 0.25191592
[1765] 2.89442785 2.89442785 0.03338775 2.89442785 0.25191592 0.25191592
[1771] 2.89442785 0.82026848 0.03338775 0.25191592 0.82026848 0.25191592
[1777] 0.25191592 0.82026848 0.82026848 2.89442785 0.03338775 0.25191592
[1783] 0.25191592 0.25191592 2.89442785 0.03338775 2.89442785 0.03338775
[1789] 0.03338775 2.89442785 0.03338775 0.82026848 0.03338775 0.82026848
[1795] 0.03338775 2.89442785 0.82026848 2.89442785 2.89442785 0.25191592
[1801] 0.03338775 0.03338775 0.82026848 0.25191592 2.89442785 0.03338775
[1807] 2.89442785 0.03338775 0.25191592 2.89442785 0.82026848 0.03338775
[1813] 0.82026848 0.03338775 0.25191592 0.25191592 2.89442785 0.03338775
[1819] 0.25191592 0.25191592 0.25191592 2.89442785 0.03338775 2.89442785
[1825] 0.03338775 0.25191592 0.25191592 0.82026848 0.82026848 2.89442785
[1831] 0.03338775 0.82026848 0.25191592 0.03338775 0.25191592 0.82026848
[1837] 0.03338775 2.89442785 2.89442785 0.25191592 0.03338775 0.25191592
[1843] 2.89442785 0.03338775 0.25191592 0.25191592 0.03338775 0.03338775
[1849] 0.03338775 0.03338775 0.82026848 0.03338775 0.25191592 2.89442785
[1855] 2.89442785 0.82026848 2.89442785 2.89442785 2.89442785 0.82026848
[1861] 0.82026848 0.82026848 0.25191592 0.82026848 0.03338775 0.03338775
[1867] 2.89442785 0.03338775 0.25191592 0.25191592 2.89442785 0.25191592
[1873] 0.82026848 2.89442785 0.03338775 0.82026848 0.25191592 0.03338775
[1879] 2.89442785 2.89442785 0.82026848 0.25191592 0.25191592 2.89442785
[1885] 2.89442785 2.89442785 0.82026848 0.03338775 2.89442785 0.25191592
[1891] 0.03338775 0.82026848 0.25191592 0.03338775 0.03338775 2.89442785
[1897] 0.82026848 0.82026848 0.82026848 0.82026848 0.82026848 0.03338775
[1903] 0.25191592 2.89442785 2.89442785 0.03338775 2.89442785 2.89442785
[1909] 0.03338775 0.25191592 2.89442785 0.25191592 0.25191592 0.03338775
[1915] 2.89442785 0.03338775 2.89442785 0.03338775 0.82026848 2.89442785
[1921] 0.03338775 0.25191592 2.89442785 0.82026848 0.82026848 0.03338775
[1927] 2.89442785 0.03338775 2.89442785 0.25191592 0.03338775 0.25191592
[1933] 0.03338775 2.89442785 0.82026848 0.25191592 0.25191592 0.03338775
[1939] 0.82026848 0.03338775 0.25191592 0.03338775 0.03338775 0.03338775
[1945] 0.03338775 0.82026848 2.89442785 2.89442785 0.25191592 0.25191592
[1951] 0.03338775 0.82026848 2.89442785 2.89442785 2.89442785 2.89442785
[1957] 0.03338775 0.03338775 0.25191592 0.03338775 0.25191592 0.82026848
[1963] 0.03338775 0.03338775 2.89442785 2.89442785 2.89442785 0.03338775
[1969] 0.03338775 0.03338775 0.03338775 0.82026848 0.03338775 2.89442785
[1975] 0.03338775 0.25191592 0.25191592 0.25191592 0.82026848 0.25191592
[1981] 0.25191592 0.82026848 2.89442785 2.89442785 0.25191592 0.25191592
[1987] 0.25191592 2.89442785 2.89442785 0.03338775 0.82026848 0.03338775
[1993] 0.25191592 0.03338775 0.82026848 2.89442785 0.25191592 0.25191592
[1999] 0.25191592 0.82026848 0.03338775 0.25191592 0.82026848 0.82026848
[2005] 0.03338775 0.82026848 0.25191592 2.89442785 0.82026848 0.03338775
[2011] 0.25191592 0.03338775 0.03338775 0.03338775 2.89442785 2.89442785
[2017] 0.82026848 0.25191592 0.25191592 2.89442785 0.82026848 0.03338775
[2023] 0.03338775 2.89442785 0.25191592 2.89442785 2.89442785 0.03338775
[2029] 0.25191592 0.82026848 0.82026848 0.03338775 0.03338775 0.25191592
[2035] 0.82026848 0.03338775 0.82026848 0.03338775 0.25191592 0.82026848
[2041] 0.25191592 0.25191592 0.03338775 0.03338775 0.82026848 0.03338775
[2047] 0.82026848 0.82026848 0.03338775 0.25191592 0.82026848 0.82026848
[2053] 0.82026848 0.03338775 0.25191592 0.25191592 0.03338775 0.03338775
[2059] 0.03338775 0.82026848 0.82026848 0.82026848 0.25191592 0.82026848
[2065] 0.03338775 2.89442785 0.03338775 0.82026848 0.03338775 0.25191592
[2071] 0.03338775 2.89442785 0.25191592 0.03338775 0.03338775 2.89442785
[2077] 0.03338775 0.03338775 0.03338775 0.03338775 0.03338775 0.03338775
[2083] 0.25191592 0.82026848 0.25191592 2.89442785 2.89442785 0.82026848
[2089] 2.89442785 0.03338775 0.03338775 0.82026848 0.25191592 0.03338775
[2095] 0.82026848 0.03338775 0.82026848 0.03338775 0.25191592 0.03338775
[2101] 0.25191592 0.03338775 0.82026848 0.82026848 0.03338775 0.25191592
[2107] 0.03338775 2.89442785 0.25191592 0.03338775 0.82026848 0.82026848
[2113] 0.25191592 0.82026848 0.82026848 2.89442785 2.89442785 0.82026848
[2119] 0.82026848 0.25191592 0.25191592 2.89442785 0.25191592 0.03338775
[2125] 0.25191592 0.25191592 2.89442785 0.03338775 0.03338775 0.82026848
[2131] 0.25191592 2.89442785 2.89442785 0.82026848 0.82026848 0.25191592
[2137] 0.25191592 0.25191592 0.82026848 0.03338775 2.89442785 0.03338775
[2143] 0.03338775 2.89442785 2.89442785 2.89442785 2.89442785 2.89442785
[2149] 0.25191592 0.82026848 0.82026848 0.82026848 0.82026848 0.82026848
[2155] 0.03338775 0.25191592 0.82026848 0.25191592 0.25191592 0.03338775
[2161] 2.89442785 0.25191592 2.89442785 2.89442785 2.89442785 0.82026848
[2167] 0.82026848 0.03338775 0.25191592 2.89442785 0.03338775 0.25191592
[2173] 0.25191592 0.03338775 0.82026848 0.82026848 0.25191592 0.25191592
[2179] 2.89442785 0.03338775 0.82026848 2.89442785 0.25191592 0.82026848
[2185] 0.82026848 0.82026848 0.25191592 0.25191592 0.03338775 0.25191592
[2191] 0.03338775 0.03338775 0.82026848 0.03338775 0.03338775 0.82026848
[2197] 0.25191592 0.82026848 2.89442785 0.03338775 0.03338775 0.82026848
[2203] 2.89442785 2.89442785 0.25191592 0.82026848 0.03338775 0.25191592
[2209] 2.89442785 0.82026848 2.89442785 0.25191592 0.25191592 0.82026848
[2215] 0.82026848 0.82026848 0.82026848 0.03338775 0.03338775 0.03338775
[2221] 0.25191592 0.25191592 0.25191592 0.25191592 0.82026848 0.82026848
[2227] 2.89442785 0.82026848 0.82026848 0.82026848 0.25191592 2.89442785
[2233] 0.82026848 0.03338775 0.82026848 0.25191592 0.82026848 2.89442785
[2239] 2.89442785 0.82026848 0.25191592 2.89442785 0.25191592 0.03338775
[2245] 0.25191592 2.89442785 2.89442785 0.03338775 2.89442785 2.89442785
[2251] 0.25191592 2.89442785 0.25191592 2.89442785 2.89442785 0.82026848
[2257] 0.03338775 2.89442785 2.89442785 2.89442785 2.89442785 2.89442785
[2263] 0.03338775 2.89442785 2.89442785 0.82026848 0.03338775 0.25191592
[2269] 2.89442785 2.89442785 0.03338775 0.03338775 0.82026848 0.03338775
[2275] 2.89442785 0.25191592 0.03338775 0.82026848 0.03338775 2.89442785
[2281] 2.89442785 0.82026848 0.03338775 0.82026848 0.25191592 2.89442785
[2287] 0.25191592 0.03338775 0.82026848 0.03338775 2.89442785 2.89442785
[2293] 0.25191592 0.25191592 2.89442785 0.25191592 0.03338775 2.89442785
[2299] 0.25191592 2.89442785 0.82026848 0.25191592 2.89442785 2.89442785
[2305] 0.25191592 2.89442785 2.89442785 2.89442785 2.89442785 0.03338775
[2311] 0.03338775 0.82026848 0.03338775 0.82026848 0.82026848 2.89442785
[2317] 0.25191592 2.89442785 0.82026848 0.82026848 0.82026848 0.03338775
[2323] 2.89442785 0.03338775 2.89442785 0.82026848 0.25191592 2.89442785
[2329] 0.82026848 0.82026848 0.03338775 0.25191592 0.25191592 2.89442785
[2335] 2.89442785 2.89442785 0.25191592 0.25191592 0.82026848 0.03338775
[2341] 0.03338775 0.25191592 0.25191592 0.82026848 0.25191592 2.89442785
[2347] 2.89442785 0.82026848 0.03338775 0.82026848 0.03338775 0.82026848
[2353] 0.03338775 2.89442785 0.82026848 2.89442785 0.25191592 0.82026848
[2359] 0.82026848 0.25191592 2.89442785 0.82026848 2.89442785 0.25191592
[2365] 0.82026848 0.03338775 0.03338775 0.82026848 0.03338775 0.25191592
[2371] 0.03338775 0.82026848 0.82026848 2.89442785 2.89442785 2.89442785
[2377] 2.89442785 0.82026848 0.25191592 0.82026848 0.25191592 0.25191592
[2383] 0.03338775 2.89442785 0.82026848 0.25191592 0.82026848 2.89442785
[2389] 0.82026848 2.89442785 0.82026848 0.03338775 0.25191592 0.25191592
[2395] 0.25191592 0.82026848 0.03338775 0.03338775 0.25191592 0.03338775
[2401] 0.25191592 0.82026848 2.89442785 0.82026848 0.25191592 0.25191592
[2407] 2.89442785 2.89442785 2.89442785 0.25191592 2.89442785 0.82026848
[2413] 0.82026848 0.03338775 0.82026848 0.03338775 2.89442785 0.25191592
[2419] 0.82026848 0.03338775 0.25191592 0.25191592 0.03338775 2.89442785
[2425] 0.03338775 0.03338775 0.03338775 0.03338775 0.03338775 0.25191592
[2431] 0.82026848 0.82026848 0.82026848 0.25191592 0.82026848 0.82026848
[2437] 0.82026848 0.03338775 0.03338775 0.03338775 2.89442785 2.89442785
[2443] 0.03338775 0.03338775 0.82026848 0.25191592 0.82026848 0.03338775
[2449] 0.25191592 2.89442785 0.03338775 0.82026848 0.82026848 2.89442785
[2455] 0.82026848 0.25191592 2.89442785 0.25191592 0.25191592 2.89442785
[2461] 2.89442785 0.82026848 0.03338775 0.82026848 0.82026848 2.89442785
[2467] 0.03338775 2.89442785 0.03338775 2.89442785 0.82026848 0.82026848
[2473] 0.03338775 0.03338775 0.03338775 2.89442785 0.25191592 0.82026848
[2479] 0.03338775 0.82026848 0.25191592 0.03338775 2.89442785 0.25191592
[2485] 0.82026848 0.03338775 0.03338775 2.89442785 2.89442785 0.03338775
[2491] 0.82026848 0.25191592 0.25191592 0.82026848 0.82026848 0.82026848
[2497] 2.89442785 0.03338775 0.25191592 0.25191592 0.25191592 2.89442785
[2503] 2.89442785 0.25191592 0.03338775 2.89442785 0.03338775 0.82026848
[2509] 0.25191592 0.82026848 0.03338775 0.82026848 0.82026848 0.03338775
[2515] 2.89442785 2.89442785 2.89442785 0.03338775 0.03338775 0.82026848
[2521] 2.89442785 2.89442785 0.82026848 0.03338775 2.89442785 0.25191592
[2527] 0.82026848 0.25191592 0.03338775 0.25191592 0.03338775 2.89442785
[2533] 0.25191592 0.03338775 0.25191592 0.82026848 0.03338775 0.82026848
[2539] 2.89442785 0.03338775 0.25191592 0.03338775 2.89442785 0.82026848
[2545] 0.82026848 0.25191592 2.89442785 0.03338775 2.89442785 0.03338775
[2551] 2.89442785 0.82026848 0.82026848 0.25191592 0.25191592 0.03338775
[2557] 0.03338775 0.82026848 0.03338775 2.89442785 2.89442785 2.89442785
[2563] 0.03338775 2.89442785 0.03338775 2.89442785 2.89442785 0.25191592
[2569] 0.25191592 2.89442785 0.25191592 0.82026848 0.25191592 2.89442785
[2575] 0.03338775 0.25191592 0.25191592 2.89442785 0.03338775 0.25191592
[2581] 0.82026848 0.82026848 2.89442785 2.89442785 2.89442785 0.25191592
[2587] 2.89442785 2.89442785 0.82026848 2.89442785 0.25191592 2.89442785
[2593] 0.25191592 0.03338775 2.89442785 0.82026848 2.89442785 0.03338775
[2599] 0.82026848 0.82026848 0.25191592 0.03338775 0.03338775 0.82026848
[2605] 0.82026848 0.25191592 0.82026848 0.82026848 0.25191592 0.82026848
[2611] 0.82026848 0.82026848 0.82026848 2.89442785 0.25191592 0.82026848
[2617] 0.25191592 0.03338775 0.25191592 0.82026848 0.82026848 0.03338775
[2623] 0.25191592 0.03338775 0.25191592 0.82026848 0.03338775 0.03338775
[2629] 0.82026848 0.03338775 0.82026848 2.89442785 0.25191592 0.82026848
[2635] 0.03338775 0.03338775 2.89442785 0.25191592 0.03338775 0.25191592
[2641] 0.25191592 0.82026848 0.82026848 2.89442785 0.03338775 2.89442785
[2647] 0.25191592 0.03338775 2.89442785 2.89442785 0.25191592 2.89442785
[2653] 2.89442785 0.82026848 0.03338775 0.25191592 0.25191592 0.82026848
[2659] 0.25191592 0.82026848 0.82026848 0.82026848 0.25191592 0.82026848
[2665] 0.03338775 0.03338775 0.03338775 0.03338775 0.25191592 0.82026848
[2671] 2.89442785 0.82026848 0.82026848 2.89442785 0.03338775 0.03338775
[2677] 0.25191592 0.82026848 0.82026848 0.25191592 0.03338775 0.03338775
[2683] 0.25191592 0.03338775 0.82026848 0.82026848 2.89442785 2.89442785
[2689] 0.25191592 0.25191592 2.89442785 0.03338775 0.25191592 0.03338775
[2695] 0.25191592 0.82026848 2.89442785 2.89442785 0.03338775 2.89442785
[2701] 0.25191592 0.25191592 0.82026848 0.25191592 0.82026848 0.25191592
[2707] 0.25191592 0.82026848 2.89442785 0.25191592 0.03338775 0.82026848
[2713] 0.82026848 2.89442785 0.82026848 0.82026848 2.89442785 0.03338775
[2719] 0.03338775 0.25191592 0.25191592 0.82026848 0.03338775 0.82026848
[2725] 0.25191592 0.03338775 0.03338775 0.25191592 0.25191592 0.03338775
[2731] 0.82026848 2.89442785 0.25191592 0.25191592 0.82026848 0.82026848
[2737] 0.25191592 2.89442785 2.89442785 0.82026848 0.25191592 0.03338775
[2743] 0.82026848 0.03338775 0.03338775 0.82026848 0.03338775 0.82026848
[2749] 2.89442785 0.25191592 2.89442785 0.25191592 2.89442785 0.82026848
[2755] 2.89442785 2.89442785 0.82026848 0.03338775 0.03338775 0.03338775
[2761] 2.89442785 0.03338775 0.25191592 0.82026848 2.89442785 2.89442785
[2767] 0.82026848 0.82026848 0.82026848 0.03338775 2.89442785 0.25191592
[2773] 2.89442785 0.25191592 2.89442785 0.03338775 0.03338775 0.03338775
[2779] 2.89442785 0.03338775 0.82026848 2.89442785 0.82026848 0.25191592
[2785] 0.25191592 2.89442785 0.03338775 0.03338775 0.25191592 0.82026848
[2791] 0.03338775 0.25191592 2.89442785 2.89442785 0.82026848 0.03338775
[2797] 2.89442785 0.82026848 2.89442785 0.25191592 2.89442785 0.82026848
[2803] 0.03338775 2.89442785 0.25191592 0.03338775 0.25191592 0.25191592
[2809] 0.03338775 0.82026848 0.82026848 2.89442785 0.25191592 2.89442785
[2815] 0.25191592 0.82026848 0.03338775 0.82026848 0.82026848 0.82026848
[2821] 0.82026848 0.25191592 0.82026848 0.03338775 0.03338775 0.03338775
[2827] 0.82026848 0.82026848 0.82026848 2.89442785 2.89442785 0.82026848
[2833] 0.82026848 0.03338775 0.82026848 0.03338775 0.25191592 0.25191592
[2839] 2.89442785 2.89442785 2.89442785 2.89442785 2.89442785 0.82026848
[2845] 0.25191592 0.25191592 0.25191592 0.82026848 0.25191592 0.25191592
[2851] 2.89442785 2.89442785 0.25191592 2.89442785 0.82026848 0.82026848
[2857] 2.89442785 0.03338775 0.03338775 0.25191592 2.89442785 0.25191592
[2863] 0.82026848 0.25191592 0.25191592 2.89442785 0.82026848 2.89442785
[2869] 2.89442785 0.03338775 2.89442785 0.82026848 0.03338775 0.25191592
[2875] 0.25191592 2.89442785 0.25191592 0.82026848 2.89442785 0.82026848
[2881] 0.03338775 0.82026848 0.82026848 2.89442785 0.03338775 2.89442785
[2887] 0.25191592 0.82026848 0.82026848 2.89442785 0.25191592 0.03338775
[2893] 0.82026848 0.82026848 0.03338775 2.89442785 2.89442785 0.03338775
[2899] 2.89442785 0.03338775 0.03338775 2.89442785 0.82026848 0.82026848
[2905] 0.03338775 0.25191592 2.89442785 0.82026848 0.25191592 0.03338775
[2911] 0.25191592 0.03338775 0.82026848 0.82026848 0.82026848 0.82026848
[2917] 0.25191592 0.03338775 2.89442785 0.25191592 0.25191592 0.82026848
[2923] 0.82026848 0.03338775 0.25191592 0.25191592 0.03338775 0.03338775
[2929] 0.25191592 0.03338775 0.03338775 2.89442785 0.25191592 0.82026848
[2935] 0.82026848 2.89442785 2.89442785 0.03338775 0.25191592 0.82026848
[2941] 0.82026848 2.89442785 0.03338775 0.03338775 0.25191592 0.25191592
[2947] 2.89442785 0.03338775 2.89442785 0.25191592 0.25191592 0.25191592
[2953] 0.25191592 0.03338775 2.89442785 0.82026848 0.82026848 0.03338775
[2959] 2.89442785 2.89442785 0.82026848 0.03338775 2.89442785 0.03338775
[2965] 0.25191592 0.82026848 0.25191592 0.25191592 0.25191592 0.03338775
[2971] 0.82026848 0.03338775 0.82026848 0.25191592 2.89442785 0.03338775
[2977] 0.03338775 2.89442785 0.25191592 2.89442785 0.03338775 2.89442785
[2983] 2.89442785 2.89442785 0.82026848 0.03338775 0.25191592 0.25191592
[2989] 0.03338775 0.03338775 0.03338775 0.03338775 0.25191592 0.82026848
[2995] 0.82026848 0.82026848 0.03338775 0.82026848 0.25191592 0.03338775
[3001] 0.82026848 0.25191592 0.03338775 2.89442785 2.89442785 0.25191592
[3007] 0.82026848 0.25191592 0.03338775 0.82026848 0.03338775 2.89442785
[3013] 0.25191592 0.03338775 0.25191592 0.82026848 0.25191592 0.25191592
[3019] 0.03338775 0.03338775 0.25191592 0.03338775 2.89442785 2.89442785
[3025] 0.25191592 0.82026848 0.25191592 0.82026848 2.89442785 0.25191592
[3031] 0.82026848 0.25191592 0.03338775 0.82026848 2.89442785 0.25191592
[3037] 0.25191592 0.25191592 0.82026848 2.89442785 0.03338775 0.82026848
[3043] 0.03338775 0.82026848 2.89442785 2.89442785 0.25191592 0.82026848
[3049] 0.25191592 0.82026848 0.25191592 2.89442785 2.89442785 2.89442785
[3055] 0.82026848 0.03338775 2.89442785 2.89442785 0.25191592 0.03338775
[3061] 2.89442785 0.82026848 0.03338775 2.89442785 2.89442785 0.82026848
[3067] 0.82026848 2.89442785 0.82026848 0.25191592 0.82026848 0.25191592
[3073] 0.82026848 0.82026848 0.25191592 2.89442785 0.25191592 0.25191592
[3079] 0.25191592 2.89442785 2.89442785 2.89442785 0.03338775 2.89442785
[3085] 0.03338775 0.03338775 0.25191592 0.25191592 0.25191592 0.25191592
[3091] 0.82026848 0.82026848 0.03338775 0.82026848 0.82026848 0.82026848
[3097] 0.25191592 0.25191592 0.03338775 0.03338775 2.89442785 0.82026848
[3103] 0.25191592 0.03338775 0.25191592 0.25191592 0.25191592 0.03338775
[3109] 0.25191592 2.89442785 0.25191592 2.89442785 2.89442785 0.82026848
[3115] 0.82026848 0.82026848 0.03338775 0.25191592 0.03338775 0.82026848
[3121] 0.82026848 0.82026848 0.25191592 0.03338775 0.82026848 0.03338775
[3127] 0.03338775 0.25191592 0.03338775 2.89442785 0.03338775 0.25191592
[3133] 0.25191592 0.03338775 0.03338775 0.25191592 0.82026848 0.25191592
[3139] 2.89442785 0.03338775 0.25191592 0.25191592 2.89442785 2.89442785
[3145] 0.82026848 2.89442785 0.25191592 2.89442785 0.82026848 0.03338775
[3151] 2.89442785 0.03338775 0.03338775 2.89442785 0.82026848 0.82026848
[3157] 0.03338775 0.25191592 0.25191592 0.03338775 2.89442785 0.03338775
[3163] 2.89442785 0.82026848 0.03338775 0.03338775 0.03338775 0.03338775
[3169] 0.25191592 2.89442785 0.03338775 0.25191592 2.89442785 0.25191592
[3175] 0.03338775 0.82026848 0.25191592 0.03338775 0.82026848 0.25191592
[3181] 0.03338775 2.89442785 0.03338775 2.89442785 2.89442785 2.89442785
[3187] 0.03338775 2.89442785 2.89442785 0.82026848 0.25191592 0.03338775
[3193] 0.82026848 2.89442785 0.25191592 0.03338775 0.03338775 0.25191592
[3199] 2.89442785 2.89442785 0.25191592 0.25191592 0.25191592 0.82026848
[3205] 0.82026848 0.25191592 2.89442785 0.82026848 0.82026848 0.25191592
[3211] 0.25191592 2.89442785 0.82026848 0.25191592 0.25191592 2.89442785
[3217] 0.82026848 0.82026848 2.89442785 0.03338775 0.82026848 0.25191592
[3223] 0.82026848 0.25191592 0.25191592 0.03338775 0.82026848 0.03338775
[3229] 0.82026848 0.03338775 0.25191592 0.82026848 0.03338775 0.03338775
[3235] 0.25191592 2.89442785 0.03338775 0.25191592 2.89442785 0.25191592
[3241] 0.25191592 2.89442785 0.03338775 0.03338775 0.25191592 2.89442785
[3247] 0.25191592 0.82026848 2.89442785 2.89442785 0.03338775 2.89442785
[3253] 0.03338775 0.25191592 0.25191592 0.25191592 2.89442785 0.25191592
[3259] 0.82026848 0.82026848 0.25191592 2.89442785 0.03338775 0.82026848
[3265] 2.89442785 0.03338775 0.25191592 0.25191592 0.03338775 0.82026848
[3271] 0.25191592 0.25191592 0.03338775 0.82026848 2.89442785 0.25191592
[3277] 0.03338775 2.89442785 2.89442785 0.03338775 2.89442785 2.89442785
[3283] 2.89442785 0.03338775 0.82026848 0.25191592 0.25191592 0.03338775
[3289] 0.25191592 0.03338775 0.25191592 0.25191592 2.89442785 0.82026848
[3295] 2.89442785 0.82026848 0.03338775 0.25191592 0.25191592 2.89442785
[3301] 0.82026848 0.25191592 0.03338775 2.89442785 0.03338775 0.03338775
[3307] 0.82026848 0.25191592 0.82026848 0.82026848 0.82026848 2.89442785
[3313] 0.03338775 2.89442785 2.89442785 0.03338775 0.25191592 0.03338775
[3319] 0.03338775 0.25191592 2.89442785 0.82026848 0.82026848 0.25191592
[3325] 0.25191592 0.03338775 0.82026848 0.25191592 0.25191592 2.89442785
[3331] 2.89442785 0.25191592 0.82026848 0.03338775 0.82026848 2.89442785
[3337] 0.82026848 0.25191592 0.82026848 2.89442785 0.25191592 0.82026848
[3343] 0.82026848 0.25191592 0.25191592 0.82026848 0.03338775 0.25191592
[3349] 0.82026848 2.89442785 0.03338775 0.82026848 2.89442785 0.03338775
[3355] 0.25191592 0.82026848 0.82026848 0.25191592 0.03338775 0.25191592
[3361] 0.25191592 2.89442785 0.25191592 0.82026848 2.89442785 0.25191592
[3367] 2.89442785 2.89442785 0.03338775 0.03338775 0.82026848 0.03338775
[3373] 2.89442785 2.89442785 0.25191592 2.89442785 0.25191592 2.89442785
[3379] 0.82026848 2.89442785 0.25191592 2.89442785 0.03338775 0.25191592
[3385] 0.25191592 0.03338775 2.89442785 0.82026848 2.89442785 0.25191592
[3391] 0.03338775 0.25191592 2.89442785 0.03338775 0.03338775 0.82026848
[3397] 2.89442785 0.25191592 0.03338775 0.03338775 0.25191592 0.82026848
[3403] 2.89442785 2.89442785 0.82026848 2.89442785 0.25191592 2.89442785
[3409] 0.03338775 0.03338775 0.82026848 0.03338775 0.82026848 0.82026848
[3415] 0.25191592 0.82026848 0.03338775 0.82026848 0.03338775 2.89442785
[3421] 2.89442785 0.03338775 0.03338775 0.82026848 2.89442785 0.82026848
[3427] 2.89442785 0.82026848 0.03338775 0.03338775 0.82026848 0.03338775
[3433] 0.25191592 0.03338775 0.25191592 2.89442785 0.82026848 2.89442785
[3439] 0.82026848 0.25191592 0.82026848 0.03338775 0.25191592 0.25191592
[3445] 2.89442785 0.03338775 0.03338775 0.25191592 0.25191592 2.89442785
[3451] 0.82026848 0.82026848 2.89442785 2.89442785 2.89442785 2.89442785
[3457] 2.89442785 0.82026848 0.25191592 2.89442785 2.89442785 0.82026848
[3463] 2.89442785 0.03338775 0.25191592 0.82026848 2.89442785 0.03338775
[3469] 0.25191592 0.03338775 0.03338775 0.03338775 0.82026848 2.89442785
[3475] 0.03338775 0.03338775 0.82026848 0.82026848 0.25191592 0.03338775
[3481] 0.25191592 0.25191592 0.82026848 0.82026848 0.82026848 2.89442785
[3487] 0.03338775 2.89442785 0.03338775 0.03338775 0.82026848 2.89442785
[3493] 0.82026848 0.03338775 0.82026848 0.25191592 0.03338775 0.82026848
[3499] 0.03338775 2.89442785 0.82026848 2.89442785 0.25191592 2.89442785
[3505] 2.89442785 0.03338775 0.25191592 0.03338775 0.03338775 2.89442785
[3511] 0.82026848 0.03338775 2.89442785 0.03338775 0.82026848 0.03338775
[3517] 2.89442785 2.89442785 0.25191592 2.89442785 0.82026848 0.82026848
[3523] 2.89442785 0.03338775 0.82026848 2.89442785 0.82026848 0.82026848
[3529] 0.25191592 0.03338775 0.82026848 0.25191592 0.25191592 0.25191592
[3535] 0.03338775 2.89442785 0.03338775 0.03338775 0.03338775 0.03338775
[3541] 0.25191592 0.25191592 0.25191592 0.82026848 0.82026848 0.03338775
[3547] 0.03338775 2.89442785 2.89442785 0.03338775 0.25191592 0.03338775
[3553] 0.03338775 2.89442785 2.89442785 0.25191592 0.82026848 0.03338775
[3559] 0.25191592 2.89442785 0.25191592 0.25191592 0.25191592 0.25191592
[3565] 2.89442785 0.25191592 2.89442785 2.89442785 0.82026848 0.25191592
[3571] 0.25191592 0.25191592 0.82026848 0.03338775 0.25191592 2.89442785
[3577] 0.03338775 2.89442785 0.03338775 2.89442785 0.82026848 0.82026848
[3583] 0.82026848 0.82026848 0.82026848 0.03338775 0.25191592 0.03338775
[3589] 0.03338775 2.89442785 0.82026848 0.03338775 0.82026848 0.82026848
[3595] 0.03338775 0.82026848 0.25191592 0.25191592 2.89442785 2.89442785
[3601] 0.82026848 0.03338775 2.89442785 0.03338775 2.89442785 2.89442785
[3607] 0.25191592 0.25191592 0.82026848 0.82026848 0.03338775 0.82026848
[3613] 0.03338775 2.89442785 0.82026848 0.03338775 2.89442785 0.25191592
[3619] 0.25191592 2.89442785 2.89442785 2.89442785 0.82026848 0.25191592
[3625] 0.82026848 0.03338775 0.03338775 0.82026848 0.82026848 2.89442785
[3631] 0.82026848 0.03338775 0.25191592 0.03338775 2.89442785 0.82026848
[3637] 2.89442785 0.25191592 0.03338775 0.03338775 0.03338775 2.89442785
[3643] 0.25191592 0.25191592 0.03338775 2.89442785 0.25191592 0.03338775
[3649] 2.89442785 0.03338775 0.03338775 0.82026848 2.89442785 2.89442785
[3655] 2.89442785 2.89442785 0.82026848 0.25191592 0.03338775 0.25191592
[3661] 0.82026848 0.03338775 2.89442785 2.89442785 0.82026848 0.82026848
[3667] 0.03338775 2.89442785 0.03338775 0.82026848 0.03338775 0.82026848
[3673] 2.89442785 0.25191592 0.82026848 2.89442785 0.25191592 0.82026848
[3679] 2.89442785 0.03338775 0.25191592 0.25191592 0.03338775 0.25191592
[3685] 0.82026848 2.89442785 0.25191592 0.25191592 0.25191592 0.03338775
[3691] 2.89442785 0.03338775 2.89442785 0.82026848 0.03338775 0.25191592
[3697] 2.89442785 0.03338775 0.25191592 2.89442785 2.89442785 2.89442785
[3703] 0.03338775 0.25191592 0.25191592 0.82026848 2.89442785 0.03338775
[3709] 0.25191592 0.03338775 0.25191592 0.25191592 2.89442785 0.03338775
[3715] 2.89442785 0.03338775 0.03338775 0.82026848 2.89442785 0.03338775
[3721] 2.89442785 2.89442785 0.03338775 0.03338775 0.03338775 0.03338775
[3727] 0.03338775 0.82026848 2.89442785 0.25191592 0.03338775 0.03338775
[3733] 2.89442785 0.03338775 0.25191592 2.89442785 2.89442785 0.82026848
[3739] 0.82026848 0.25191592 2.89442785 0.82026848 2.89442785 2.89442785
[3745] 2.89442785 0.25191592 0.82026848 0.25191592 0.25191592 0.25191592
[3751] 2.89442785 2.89442785 0.82026848 0.25191592 2.89442785 0.82026848
[3757] 0.82026848 2.89442785 0.03338775 0.82026848 0.03338775 2.89442785
[3763] 0.25191592 0.03338775 0.03338775 0.82026848 0.03338775 0.03338775
[3769] 0.03338775 2.89442785 0.82026848 0.03338775 0.03338775 2.89442785
[3775] 0.82026848 0.82026848 2.89442785 0.25191592 0.82026848 0.03338775
[3781] 0.82026848 2.89442785 0.03338775 0.82026848 0.03338775 0.25191592
[3787] 2.89442785 0.82026848 2.89442785 2.89442785 0.25191592 0.82026848
[3793] 0.82026848 0.03338775 0.82026848 0.03338775 2.89442785 0.03338775
[3799] 0.82026848 0.03338775 0.82026848 2.89442785 0.25191592 0.03338775
[3805] 0.82026848 0.25191592 2.89442785 0.25191592 0.82026848 0.82026848
[3811] 0.82026848 0.25191592 0.82026848 2.89442785 0.82026848 2.89442785
[3817] 0.25191592 0.25191592 2.89442785 0.25191592 0.25191592 2.89442785
[3823] 0.25191592 0.25191592 2.89442785 0.82026848 0.03338775 0.03338775
[3829] 0.82026848 0.25191592 0.25191592 0.03338775 0.25191592 0.03338775
[3835] 0.25191592 0.82026848 0.25191592 0.03338775 2.89442785 0.82026848
[3841] 0.82026848 2.89442785 0.82026848 0.25191592 0.25191592 2.89442785
[3847] 0.03338775 0.82026848 0.82026848 0.82026848 2.89442785 0.03338775
[3853] 0.25191592 0.03338775 0.25191592 0.03338775 0.03338775 0.03338775
[3859] 2.89442785 0.82026848 2.89442785 2.89442785 2.89442785 2.89442785
[3865] 0.82026848 0.82026848 2.89442785 0.25191592 0.25191592 0.25191592
[3871] 0.25191592 0.25191592 0.82026848 0.25191592 0.25191592 2.89442785
[3877] 0.82026848 0.25191592 0.82026848 2.89442785 2.89442785 0.82026848
[3883] 2.89442785 0.82026848 2.89442785 0.03338775 0.25191592 0.25191592
[3889] 0.82026848 0.03338775 0.25191592 0.25191592 0.82026848 0.82026848
[3895] 2.89442785 2.89442785 0.25191592 2.89442785 0.82026848 0.82026848
[3901] 0.25191592 0.82026848 0.03338775 2.89442785 0.82026848 0.82026848
[3907] 2.89442785 0.03338775 0.25191592 0.25191592 0.03338775 0.25191592
[3913] 0.25191592 0.03338775 0.82026848 2.89442785 0.03338775 0.25191592
[3919] 2.89442785 2.89442785 0.82026848 0.82026848 2.89442785 0.82026848
[3925] 0.82026848 0.03338775 2.89442785 0.82026848 0.82026848 0.03338775
[3931] 2.89442785 2.89442785 2.89442785 0.03338775 0.03338775 2.89442785
[3937] 0.03338775 0.03338775 0.03338775 0.25191592 0.03338775 2.89442785
[3943] 0.03338775 0.25191592 2.89442785 0.03338775 0.03338775 0.03338775
[3949] 2.89442785 0.82026848 2.89442785 0.03338775 0.82026848 2.89442785
[3955] 0.25191592 0.82026848 0.25191592 0.03338775 2.89442785 0.82026848
[3961] 0.03338775 2.89442785 0.82026848 0.25191592 2.89442785 0.25191592
[3967] 0.82026848 0.03338775 0.25191592 2.89442785 0.25191592 0.25191592
[3973] 2.89442785 2.89442785 2.89442785 2.89442785 0.03338775 0.25191592
[3979] 0.25191592 2.89442785 0.82026848 2.89442785 0.03338775 0.82026848
[3985] 0.82026848 2.89442785 2.89442785 0.03338775 0.03338775 0.03338775
[3991] 2.89442785 2.89442785 0.25191592 0.82026848 0.82026848 0.03338775
[3997] 0.82026848 0.03338775 0.82026848 0.82026848 2.89442785 0.03338775
[4003] 2.89442785 0.03338775 0.25191592 0.03338775 0.25191592 0.82026848
[4009] 0.03338775 2.89442785 0.82026848 0.25191592 0.82026848 2.89442785
[4015] 0.25191592 0.03338775 0.03338775 0.82026848 0.03338775 0.03338775
[4021] 0.82026848 2.89442785 0.03338775 0.25191592 0.03338775 0.03338775
[4027] 2.89442785 0.03338775 0.03338775 0.03338775 0.82026848 0.03338775
[4033] 2.89442785 2.89442785 0.82026848 0.25191592 0.82026848 0.03338775
[4039] 0.03338775 0.82026848 2.89442785 0.82026848 0.03338775 0.82026848
[4045] 0.82026848 0.03338775 0.82026848 0.25191592 0.82026848 0.82026848
[4051] 2.89442785 0.82026848 2.89442785 0.03338775 2.89442785 0.25191592
[4057] 2.89442785 0.25191592 0.25191592 0.03338775 0.25191592 0.25191592
[4063] 0.82026848 2.89442785 0.03338775 0.03338775 0.03338775 0.03338775
[4069] 0.03338775 0.25191592 0.25191592 0.25191592 0.82026848 0.03338775
[4075] 0.25191592 0.25191592 0.03338775 0.03338775 0.25191592 0.25191592
[4081] 0.25191592 0.25191592 0.25191592 0.82026848 0.03338775 0.25191592
[4087] 0.82026848 2.89442785 0.25191592 0.03338775 2.89442785 0.03338775
[4093] 0.25191592 2.89442785 0.25191592 2.89442785 0.25191592 0.82026848
[4099] 0.25191592 2.89442785 0.82026848 0.25191592 0.25191592 0.82026848
[4105] 0.25191592 0.82026848 0.25191592 0.82026848 0.82026848 0.25191592
[4111] 0.03338775 2.89442785 2.89442785 0.03338775 0.25191592 0.82026848
[4117] 0.03338775 0.25191592 0.25191592 0.25191592 0.82026848 0.82026848
[4123] 0.03338775 2.89442785 2.89442785 0.82026848 0.25191592 0.82026848
[4129] 0.25191592 0.82026848 0.03338775 0.03338775 0.25191592 0.03338775
[4135] 0.82026848 2.89442785 0.03338775 0.82026848 0.03338775 0.25191592
[4141] 0.03338775 0.03338775 0.03338775 2.89442785 0.25191592 0.03338775
[4147] 0.25191592 0.03338775 0.03338775 0.03338775 2.89442785 2.89442785
[4153] 0.03338775 2.89442785 0.82026848 0.82026848 0.25191592 2.89442785
[4159] 0.82026848 0.03338775 0.03338775 0.82026848 2.89442785 0.03338775
[4165] 0.82026848 0.03338775 0.25191592 0.03338775 0.82026848 0.25191592
[4171] 0.25191592 0.03338775 0.25191592 0.82026848 0.25191592 0.82026848
[4177] 2.89442785 0.03338775 0.25191592 2.89442785 0.25191592 2.89442785
[4183] 0.82026848 0.82026848 0.82026848 0.82026848 2.89442785 0.03338775
[4189] 0.25191592 0.82026848 0.82026848 0.03338775 0.82026848 0.03338775
[4195] 2.89442785 0.03338775 2.89442785 0.25191592 0.03338775 0.25191592
[4201] 0.03338775 0.25191592 2.89442785 0.03338775 0.82026848 2.89442785
[4207] 0.03338775 0.03338775 0.25191592 0.25191592 0.82026848 0.25191592
[4213] 0.03338775 2.89442785 0.03338775 0.03338775 0.03338775 2.89442785
[4219] 0.82026848 2.89442785 0.03338775 0.82026848 0.82026848 2.89442785
[4225] 2.89442785 2.89442785 0.03338775 2.89442785 0.03338775 2.89442785
[4231] 0.03338775 0.82026848 0.82026848 2.89442785 0.82026848 0.82026848
[4237] 2.89442785 0.03338775 0.03338775 0.82026848 0.03338775 2.89442785
[4243] 0.03338775 0.25191592 0.03338775 2.89442785 0.82026848 2.89442785
[4249] 2.89442785 0.03338775 0.82026848 0.25191592 0.25191592 0.25191592
[4255] 0.82026848 0.82026848 0.25191592 0.25191592 0.82026848 2.89442785
[4261] 0.25191592 0.03338775 0.82026848 2.89442785 0.82026848 0.03338775
[4267] 2.89442785 0.25191592 0.82026848 0.25191592 0.03338775 0.82026848
[4273] 0.25191592 0.03338775 0.25191592 2.89442785 2.89442785 0.25191592
[4279] 0.25191592 0.25191592 0.03338775 0.25191592 0.82026848 0.25191592
[4285] 0.82026848 2.89442785 2.89442785 0.25191592 0.03338775 0.03338775
[4291] 2.89442785 0.03338775 0.03338775 0.82026848 0.82026848 0.03338775
[4297] 0.82026848 0.03338775 0.82026848 0.25191592 0.82026848 2.89442785
[4303] 0.82026848 0.03338775 0.03338775 0.25191592 0.03338775 0.82026848
[4309] 0.25191592 0.25191592 2.89442785 0.03338775 0.82026848 2.89442785
[4315] 0.03338775 0.03338775 0.03338775 2.89442785 0.82026848 0.82026848
[4321] 0.25191592 0.03338775 0.82026848 0.25191592 0.03338775 2.89442785
[4327] 2.89442785 0.82026848 0.25191592 0.82026848 2.89442785 2.89442785
[4333] 0.03338775 0.03338775 0.25191592 0.82026848 0.25191592 2.89442785
[4339] 0.82026848 0.03338775 0.25191592 0.03338775 0.03338775 0.25191592
[4345] 0.03338775 0.82026848 0.25191592 0.82026848 0.25191592 0.82026848
[4351] 0.25191592 0.25191592 0.82026848 2.89442785 0.25191592 0.82026848
[4357] 0.25191592 0.03338775 0.03338775 0.25191592 2.89442785 0.25191592
[4363] 2.89442785 0.25191592 2.89442785 0.82026848 0.03338775 0.03338775
[4369] 2.89442785 2.89442785 0.25191592 0.25191592 0.82026848 0.82026848
[4375] 0.82026848 0.82026848 0.03338775 0.03338775 0.82026848 0.03338775
[4381] 0.25191592 2.89442785 2.89442785 2.89442785 0.25191592 0.25191592
[4387] 0.25191592 0.82026848 0.25191592 2.89442785 0.25191592 2.89442785
[4393] 2.89442785 0.03338775 0.03338775 2.89442785 0.03338775 0.03338775
[4399] 2.89442785 2.89442785 2.89442785 2.89442785 0.25191592 0.25191592
[4405] 0.82026848 0.25191592 0.82026848 0.82026848 0.25191592 2.89442785
[4411] 0.25191592 0.25191592 0.82026848 2.89442785 0.25191592 0.82026848
[4417] 0.82026848 0.82026848 0.03338775 0.03338775 0.82026848 0.82026848
[4423] 0.25191592 2.89442785 0.25191592 0.03338775 2.89442785 0.03338775
[4429] 0.82026848 2.89442785 0.25191592 0.25191592 0.03338775 0.25191592
[4435] 0.25191592 2.89442785 0.82026848 0.03338775 0.25191592 2.89442785
[4441] 2.89442785 0.03338775 0.03338775 2.89442785 0.25191592 0.82026848
[4447] 0.25191592 0.03338775 2.89442785 0.03338775 0.25191592 0.82026848
[4453] 0.25191592 2.89442785 0.03338775 0.25191592 0.25191592 0.03338775
[4459] 0.03338775 0.25191592 0.25191592 0.25191592 0.82026848 2.89442785
[4465] 0.25191592 0.82026848 0.82026848 0.03338775 0.25191592 0.25191592
[4471] 2.89442785 2.89442785 0.25191592 0.82026848 0.25191592 0.03338775
[4477] 0.03338775 0.25191592 0.82026848 0.25191592 0.82026848 0.25191592
[4483] 0.25191592 0.03338775 0.82026848 0.82026848 0.25191592 2.89442785
[4489] 0.82026848 2.89442785 0.25191592 2.89442785 0.82026848 0.82026848
[4495] 0.25191592 2.89442785 0.82026848 2.89442785 0.25191592 0.82026848
[4501] 0.25191592 0.25191592 0.82026848 0.25191592 0.82026848 0.82026848
[4507] 0.25191592 0.82026848 2.89442785 0.25191592 0.25191592 0.25191592
[4513] 0.25191592 0.03338775 0.82026848 2.89442785 0.25191592 2.89442785
[4519] 0.82026848 0.03338775 0.82026848 0.25191592 2.89442785 0.03338775
[4525] 2.89442785 0.82026848 0.03338775 0.82026848 0.82026848 0.03338775
[4531] 0.82026848 2.89442785 0.03338775 0.82026848 2.89442785 0.25191592
[4537] 2.89442785 0.25191592 0.25191592 0.25191592 2.89442785 0.82026848
[4543] 2.89442785 0.82026848 0.82026848 0.03338775 0.03338775 0.25191592
[4549] 0.82026848 2.89442785 2.89442785 0.82026848 0.03338775 2.89442785
[4555] 2.89442785 0.82026848 0.82026848 0.03338775 2.89442785 0.25191592
[4561] 0.03338775 0.82026848 0.03338775 0.03338775 0.03338775 2.89442785
[4567] 0.03338775 0.82026848 0.03338775 0.03338775 0.82026848 0.82026848
[4573] 0.03338775 2.89442785 0.25191592 0.25191592 0.82026848 2.89442785
[4579] 0.82026848 2.89442785 0.82026848 2.89442785 0.03338775 2.89442785
[4585] 0.82026848 0.82026848 0.25191592 2.89442785 0.03338775 0.82026848
[4591] 0.25191592 0.25191592 0.82026848 0.25191592 0.03338775 0.03338775
[4597] 2.89442785 2.89442785 0.82026848 0.03338775 0.25191592 2.89442785
[4603] 0.82026848 0.25191592 2.89442785 0.03338775 0.25191592 2.89442785
[4609] 2.89442785 0.03338775 2.89442785 0.25191592 0.25191592 0.82026848
[4615] 0.25191592 2.89442785 0.25191592 2.89442785 0.03338775 0.03338775
[4621] 0.82026848 2.89442785 0.25191592 0.82026848 0.82026848 0.25191592
[4627] 0.25191592 0.03338775 0.82026848 0.25191592 0.82026848 0.82026848
[4633] 0.03338775 2.89442785 2.89442785 0.03338775 0.82026848 0.82026848
[4639] 2.89442785 0.82026848 0.82026848 0.25191592 2.89442785 0.25191592
[4645] 0.25191592 0.03338775 2.89442785 2.89442785 0.03338775 2.89442785
[4651] 0.82026848 2.89442785 2.89442785 0.82026848 0.25191592 0.82026848
[4657] 2.89442785 2.89442785 0.25191592 0.03338775 0.82026848 0.03338775
[4663] 0.25191592 0.82026848 0.82026848 0.25191592 0.82026848 0.82026848
[4669] 2.89442785 2.89442785 2.89442785 0.82026848 2.89442785 2.89442785
[4675] 0.03338775 0.03338775 0.03338775 2.89442785 0.82026848 0.25191592
[4681] 2.89442785 0.82026848 0.25191592 0.82026848 0.03338775 0.25191592
[4687] 2.89442785 0.82026848 2.89442785 0.82026848 0.25191592 2.89442785
[4693] 0.03338775 2.89442785 0.25191592 0.82026848 2.89442785 0.82026848
[4699] 2.89442785 0.82026848 2.89442785 0.82026848 0.82026848 0.82026848
[4705] 0.25191592 2.89442785 0.82026848 0.82026848 2.89442785 0.03338775
[4711] 2.89442785 0.25191592 0.82026848 0.03338775 0.03338775 0.82026848
[4717] 0.03338775 0.82026848 0.25191592 0.03338775 0.82026848 0.25191592
[4723] 0.82026848 0.25191592 0.82026848 0.25191592 0.25191592 0.25191592
[4729] 0.25191592 0.82026848 0.25191592 0.25191592 0.03338775 0.03338775
[4735] 2.89442785 0.82026848 0.25191592 0.82026848 0.25191592 0.82026848
[4741] 0.03338775 0.82026848 0.25191592 0.03338775 0.03338775 0.25191592
[4747] 0.25191592 0.03338775 0.25191592 0.03338775 0.03338775 2.89442785
[4753] 2.89442785 0.82026848 0.25191592 2.89442785 2.89442785 0.03338775
[4759] 0.82026848 2.89442785 0.82026848 0.82026848 0.82026848 0.25191592
[4765] 0.82026848 2.89442785 0.25191592 0.03338775 0.25191592 0.25191592
[4771] 0.82026848 0.03338775 0.03338775 0.25191592 0.03338775 0.25191592
[4777] 2.89442785 0.25191592 0.82026848 0.03338775 0.03338775 0.25191592
[4783] 0.25191592 0.03338775 0.25191592 2.89442785 2.89442785 0.03338775
[4789] 0.82026848 0.82026848 0.82026848 0.03338775 0.03338775 0.03338775
[4795] 0.82026848 2.89442785 0.25191592 2.89442785 0.82026848 0.82026848
[4801] 2.89442785 2.89442785 0.25191592 0.03338775 0.82026848 2.89442785
[4807] 0.03338775 0.82026848 2.89442785 0.25191592 0.03338775 0.25191592
[4813] 0.82026848 2.89442785 0.25191592 0.03338775 0.25191592 2.89442785
[4819] 0.03338775 2.89442785 0.03338775 2.89442785 0.03338775 0.82026848
[4825] 0.25191592 2.89442785 0.03338775 0.03338775 0.82026848 0.25191592
[4831] 0.25191592 0.82026848 2.89442785 2.89442785 0.03338775 0.03338775
[4837] 0.03338775 2.89442785 0.25191592 2.89442785 0.03338775 0.03338775
[4843] 0.03338775 2.89442785 2.89442785 0.82026848 0.03338775 0.25191592
[4849] 2.89442785 0.03338775 0.82026848 2.89442785 0.82026848 0.82026848
[4855] 0.25191592 0.82026848 2.89442785 0.25191592 0.03338775 0.82026848
[4861] 0.03338775 2.89442785 0.82026848 0.03338775 0.82026848 0.03338775
[4867] 0.03338775 2.89442785 0.82026848 2.89442785 0.03338775 0.03338775
[4873] 0.82026848 0.25191592 2.89442785 2.89442785 0.25191592 0.03338775
[4879] 0.03338775 2.89442785 0.03338775 0.25191592 2.89442785 2.89442785
[4885] 0.25191592 2.89442785 0.82026848 0.25191592 0.25191592 0.25191592
[4891] 0.25191592 0.82026848 0.25191592 0.25191592 0.82026848 0.82026848
[4897] 2.89442785 0.82026848 0.03338775 0.25191592 0.25191592 2.89442785
[4903] 2.89442785 0.25191592 2.89442785 0.03338775 0.25191592 0.82026848
[4909] 0.03338775 0.25191592 0.03338775 2.89442785 0.82026848 0.25191592
[4915] 0.25191592 2.89442785 0.03338775 0.82026848 2.89442785 0.03338775
[4921] 0.25191592 0.82026848 0.82026848 2.89442785 0.03338775 0.25191592
[4927] 0.82026848 2.89442785 2.89442785 0.82026848 0.82026848 0.82026848
[4933] 2.89442785 0.25191592 0.25191592 2.89442785 2.89442785 0.82026848
[4939] 0.25191592 0.03338775 2.89442785 0.25191592 2.89442785 0.82026848
[4945] 0.03338775 2.89442785 2.89442785 0.25191592 0.03338775 2.89442785
[4951] 0.03338775 2.89442785 2.89442785 2.89442785 0.03338775 0.82026848
[4957] 0.25191592 0.03338775 0.82026848 0.25191592 0.25191592 0.03338775
[4963] 0.82026848 0.25191592 2.89442785 0.25191592 0.25191592 2.89442785
[4969] 0.25191592 0.25191592 0.03338775 0.03338775 0.25191592 0.25191592
[4975] 0.25191592 0.25191592 0.25191592 0.25191592 0.25191592 0.03338775
[4981] 0.03338775 2.89442785 2.89442785 0.03338775 0.82026848 0.03338775
[4987] 2.89442785 0.82026848 0.03338775 2.89442785 0.82026848 0.03338775
[4993] 0.82026848 0.03338775 0.25191592 2.89442785 0.25191592 0.25191592
[4999] 0.03338775 0.03338775

Name: MyDel
Id: DiscreteDeletor:MyDel:62355128
Expected deletion length: 1.66666666666667
Standard deviation of deletion length: 0.745356
General rate: 1
Site specific parameters (2): 
  Id: rate.multiplier
  Name: Rate multiplier
  Type: numeric
  Default value: 1 

  Id: deletion.tolerance
  Name: Deletion tolerance parameter
  Type: numeric
  Default value: 1


Name: MyDel
Id: DiscreteInsertor:MyDel:86650928
Expected insertion length: 1.5
Standard deviation of insertion length: 0.5
Accept window size: 1
General rate: 1
Site specific parameters (2): 
  Id: rate.multiplier
  Name: Rate multiplier
  Type: numeric
  Default value: 1 

  Id: insertion.tolerance
  Name: Insertion tolerance parameter
  Type: numeric
  Default value: 1

[1] 14911.39

Name: Anonymous
Id: PhyloSim:Anonymous:121731968
Root Sequence big rate: 14911.3936184225
Tree length: 2
Phylo object details: 
	Phylogenetic tree with 3 tips and 2 internal nodes.
	Tip labels:
	[1] "t1" "t2" "t3"
	Rooted; includes branch lengths.
Alignment: undefined
Log file: PhyloSim_Anonymous_121731968.log
Log level: -1

!!!!!!!!!!!!!!!!!!!!!!!!!!!!!!!!!!!!!!!!!!!!!!!!!!!!!!!!!!!!!!!!!!!!!!!!!!!!!!!!!!
!! WARNING: fast & careless mode is on, most of the error checking is omitted!  !!
!!    Please note that this also disables the saving of branch statistics.      !!
!!       You can go back to normal mode by deleting the PSIM_FAST object.       !!
!!!!!!!!!!!!!!!!!!!!!!!!!!!!!!!!!!!!!!!!!!!!!!!!!!!!!!!!!!!!!!!!!!!!!!!!!!!!!!!!!!
Simulating edge 1 of 4 
Simulating edge 2 of 4 
Simulating edge 3 of 4 
Simulating edge 4 of 4 
